<?xml version="1.0" encoding="UTF-8"?>
<testsuite xmlns:xsi="http://www.w3.org/2001/XMLSchema-instance" xsi:noNamespaceSchemaLocation="https://maven.apache.org/surefire/maven-surefire-plugin/xsd/surefire-test-report.xsd" name="accounts.web.AccountControllerCustomAuthenticationProviderTests" time="0.267" tests="1" errors="0" skipped="1" failures="0">
  <properties>
[...]
</properties>
  <testcase name="accountDetails_with_spring_credentials_should_return_200" classname="accounts.web.AccountControllerCustomAuthenticationProviderTests" time="0">
    <skipped message="public void accounts.web.AccountControllerCustomAuthenticationProviderTests.accountDetails_with_spring_credentials_should_return_200() throws java.lang.Exception is @Disabled"/>
    <system-out><![CDATA[INFO : o.s.t.c.support.AbstractContextLoader - Could not detect default resource locations for test class [accounts.web.AccountControllerCustomAuthenticationProviderTests]: no resource found for suffixes {-context.xml, Context.groovy}.
INFO : o.s.b.t.a.w.s.WebMvcTestContextBootstrapper - Loaded default TestExecutionListener class names from location [META-INF/spring.factories]: [org.springframework.security.test.context.support.WithSecurityContextTestExecutionListener, org.springframework.security.test.context.support.ReactorContextTestExecutionListener, org.springframework.test.context.web.ServletTestExecutionListener, org.springframework.test.context.support.DirtiesContextBeforeModesTestExecutionListener, org.springframework.test.context.event.ApplicationEventsTestExecutionListener, org.springframework.test.context.support.DependencyInjectionTestExecutionListener, org.springframework.test.context.support.DirtiesContextTestExecutionListener, org.springframework.test.context.transaction.TransactionalTestExecutionListener, org.springframework.test.context.jdbc.SqlScriptsTestExecutionListener, org.springframework.test.context.event.EventPublishingTestExecutionListener, org.springframework.boot.test.mock.mockito.MockitoTestExecutionListener, org.springframework.boot.test.mock.mockito.ResetMocksTestExecutionListener, org.springframework.boot.test.autoconfigure.restdocs.RestDocsTestExecutionListener, org.springframework.boot.test.autoconfigure.web.client.MockRestServiceServerResetTestExecutionListener, org.springframework.boot.test.autoconfigure.web.servlet.MockMvcPrintOnlyOnFailureTestExecutionListener, org.springframework.boot.test.autoconfigure.web.servlet.WebDriverTestExecutionListener, org.springframework.boot.test.autoconfigure.webservices.client.MockWebServiceServerTestExecutionListener]
INFO : o.s.b.t.a.w.s.WebMvcTestContextBootstrapper - Using TestExecutionListeners: [org.springframework.test.context.web.ServletTestExecutionListener@5c234920, org.springframework.test.context.support.DirtiesContextBeforeModesTestExecutionListener@7ddeb27f, org.springframework.test.context.event.ApplicationEventsTestExecutionListener@38087342, org.springframework.boot.test.mock.mockito.MockitoTestExecutionListener@681de87f, org.springframework.boot.test.autoconfigure.SpringBootDependencyInjectionTestExecutionListener@2eb1c615, org.springframework.test.context.support.DirtiesContextTestExecutionListener@2674d4f6, org.springframework.test.context.transaction.TransactionalTestExecutionListener@5d9d2119, org.springframework.test.context.jdbc.SqlScriptsTestExecutionListener@5a4464c5, org.springframework.security.test.context.support.WithSecurityContextTestExecutionListener@7ae590f6, org.springframework.test.context.event.EventPublishingTestExecutionListener@7ab63838, org.springframework.security.test.context.support.ReactorContextTestExecutionListener@4e974b9e, org.springframework.boot.test.mock.mockito.ResetMocksTestExecutionListener@370c7cc5, org.springframework.boot.test.autoconfigure.restdocs.RestDocsTestExecutionListener@61b838f2, org.springframework.boot.test.autoconfigure.web.client.MockRestServiceServerResetTestExecutionListener@2a04ab05, org.springframework.boot.test.autoconfigure.web.servlet.MockMvcPrintOnlyOnFailureTestExecutionListener@5ebbde60, org.springframework.boot.test.autoconfigure.web.servlet.WebDriverTestExecutionListener@a056b26, org.springframework.boot.test.autoconfigure.webservices.client.MockWebServiceServerTestExecutionListener@2a5abd3c]
 ::                                                         ____
 /\    ____                 ____             _              \ \ \
|/\|  / ___|___  _ __ ___  / ___| _ __  _ __(_)_ __   __ _   \ \ \
     | |   / _ \| '__/ _ \ \___ \| '_ \| '__| | '_ \ / _` |   \ \ \
     | |__| (_) | | |  __/  ___) | |_) | |  | | | | | (_| |   / / /
      \____\___/|_|  \___| |____/| .__/|_|  |_|_| |_|\__, |  / / /
 ================================|_|==================|___/=/_/_/=
   :: Core Spring Training ::                  :: v5.3.23.RELEASE ::

INFO : a.w.AccountControllerCustomAuthenticationProviderTests - Starting AccountControllerCustomAuthenticationProviderTests using Java 21 on stefant-DNQMPQK059 with PID 62582 (started by stefant in /Users/stefant/Downloads/core-spring-labfiles/lab/42-security-rest)
DEBUG: a.w.AccountControllerCustomAuthenticationProviderTests - Running with Spring Boot v2.7.5, Spring v5.3.23
INFO : a.w.AccountControllerCustomAuthenticationProviderTests - No active profile set, falling back to 1 default profile: "default"
INFO : o.s.s.web.DefaultSecurityFilterChain - Will secure any request with [org.springframework.security.web.session.DisableEncodeUrlFilter@3e74fd84, org.springframework.security.web.context.request.async.WebAsyncManagerIntegrationFilter@147efd9, org.springframework.security.web.context.SecurityContextPersistenceFilter@c0c8f96, org.springframework.security.web.header.HeaderWriterFilter@640c216b, org.springframework.security.web.authentication.logout.LogoutFilter@28e94c2, org.springframework.security.web.authentication.www.BasicAuthenticationFilter@482a58c7, org.springframework.security.web.savedrequest.RequestCacheAwareFilter@3bd08435, org.springframework.security.web.servletapi.SecurityContextHolderAwareRequestFilter@3e52ed5d, org.springframework.security.web.authentication.AnonymousAuthenticationFilter@1e120628, org.springframework.security.web.session.SessionManagementFilter@5170bc02, org.springframework.security.web.access.ExceptionTranslationFilter@3ca17943, org.springframework.security.web.access.intercept.AuthorizationFilter@14d1737a]
INFO : o.s.b.a.w.s.WelcomePageHandlerMapping - Adding welcome page: class path resource [static/index.html]
DEBUG: _.s.web.servlet.HandlerMapping.Mappings - 
	a.w.AccountController:
	{GET [/authorities]}: getAuthoritiesForUser(String)
	{DELETE [/accounts/{accountId}/beneficiaries/{beneficiaryName}]}: removeBeneficiary(long,String)
	{GET [/accounts/{accountId}/beneficiaries/{beneficiaryName}]}: getBeneficiary(int,String)
	{POST [/accounts/{accountId}/beneficiaries]}: addBeneficiary(long,String)
	{GET [/accounts]}: accountSummary()
	{GET [/accounts/{id}]}: accountDetails(int)
	{POST [/accounts]}: createAccount(Account)
DEBUG: _.s.web.servlet.HandlerMapping.Mappings - 
	o.s.b.a.w.s.e.BasicErrorController:
	{ [/error]}: error(HttpServletRequest)
	{ [/error], produces [text/html]}: errorHtml(HttpServletRequest,HttpServletResponse)
DEBUG: _.s.web.servlet.HandlerMapping.Mappings - 'beanNameHandlerMapping' {}
DEBUG: _.s.web.servlet.HandlerMapping.Mappings - 'resourceHandlerMapping' {/webjars/**=ResourceHttpRequestHandler [classpath [META-INF/resources/webjars/]], /**=ResourceHttpRequestHandler [classpath [META-INF/resources/], classpath [resources/], classpath [static/], classpath [public/], ServletContext [/]]}
INFO : o.s.b.t.m.w.SpringBootMockServletContext - Initializing Spring TestDispatcherServlet ''
INFO : o.s.t.web.servlet.TestDispatcherServlet - Initializing Servlet ''
INFO : o.s.t.web.servlet.TestDispatcherServlet - Completed initialization in 1 ms
INFO : a.w.AccountControllerCustomAuthenticationProviderTests - Started AccountControllerCustomAuthenticationProviderTests in 0.263 seconds (JVM running for 1.686)
]]></system-out>
  </testcase>
</testsuite>